{"/home/ubantu/Desktop/yp/Node/module/user/controllers/userController.js": {"path":"/home/ubantu/Desktop/yp/Node/module/user/controllers/userController.js","statementMap":{"0":{"start":{"line":1,"column":19},"end":{"line":1,"column":49}},"1":{"start":{"line":3,"column":19},"end":{"line":11,"column":1}},"2":{"start":{"line":4,"column":2},"end":{"line":10,"column":3}},"3":{"start":{"line":5,"column":32},"end":{"line":5,"column":40}},"4":{"start":{"line":6,"column":18},"end":{"line":6,"column":65}},"5":{"start":{"line":7,"column":3},"end":{"line":7,"column":69}},"6":{"start":{"line":9,"column":4},"end":{"line":9,"column":71}},"7":{"start":{"line":12,"column":20},"end":{"line":19,"column":1}},"8":{"start":{"line":13,"column":2},"end":{"line":18,"column":3}},"9":{"start":{"line":14,"column":18},"end":{"line":14,"column":47}},"10":{"start":{"line":15,"column":6},"end":{"line":15,"column":63}},"11":{"start":{"line":17,"column":6},"end":{"line":17,"column":75}},"12":{"start":{"line":20,"column":19},"end":{"line":33,"column":1}},"13":{"start":{"line":21,"column":2},"end":{"line":32,"column":3}},"14":{"start":{"line":22,"column":19},"end":{"line":22,"column":36}},"15":{"start":{"line":23,"column":25},"end":{"line":23,"column":59}},"16":{"start":{"line":24,"column":4},"end":{"line":29,"column":5}},"17":{"start":{"line":25,"column":6},"end":{"line":25,"column":76}},"18":{"start":{"line":28,"column":6},"end":{"line":28,"column":68}},"19":{"start":{"line":31,"column":4},"end":{"line":31,"column":72}},"20":{"start":{"line":34,"column":19},"end":{"line":48,"column":1}},"21":{"start":{"line":35,"column":2},"end":{"line":47,"column":3}},"22":{"start":{"line":36,"column":19},"end":{"line":36,"column":36}},"23":{"start":{"line":37,"column":24},"end":{"line":37,"column":32}},"24":{"start":{"line":38,"column":25},"end":{"line":38,"column":72}},"25":{"start":{"line":39,"column":4},"end":{"line":44,"column":5}},"26":{"start":{"line":40,"column":6},"end":{"line":40,"column":76}},"27":{"start":{"line":43,"column":6},"end":{"line":43,"column":68}},"28":{"start":{"line":46,"column":4},"end":{"line":46,"column":70}},"29":{"start":{"line":49,"column":0},"end":{"line":54,"column":2}}},"fnMap":{"0":{"name":"(anonymous_0)","decl":{"start":{"line":3,"column":19},"end":{"line":3,"column":20}},"loc":{"start":{"line":3,"column":39},"end":{"line":11,"column":1}},"line":3},"1":{"name":"(anonymous_1)","decl":{"start":{"line":12,"column":20},"end":{"line":12,"column":21}},"loc":{"start":{"line":12,"column":40},"end":{"line":19,"column":1}},"line":12},"2":{"name":"(anonymous_2)","decl":{"start":{"line":20,"column":19},"end":{"line":20,"column":20}},"loc":{"start":{"line":20,"column":39},"end":{"line":33,"column":1}},"line":20},"3":{"name":"(anonymous_3)","decl":{"start":{"line":34,"column":19},"end":{"line":34,"column":20}},"loc":{"start":{"line":34,"column":39},"end":{"line":48,"column":1}},"line":34}},"branchMap":{"0":{"loc":{"start":{"line":24,"column":4},"end":{"line":29,"column":5}},"type":"if","locations":[{"start":{"line":24,"column":4},"end":{"line":29,"column":5}},{"start":{"line":27,"column":8},"end":{"line":29,"column":5}}],"line":24},"1":{"loc":{"start":{"line":39,"column":4},"end":{"line":44,"column":5}},"type":"if","locations":[{"start":{"line":39,"column":4},"end":{"line":44,"column":5}},{"start":{"line":42,"column":8},"end":{"line":44,"column":5}}],"line":39}},"s":{"0":1,"1":1,"2":2,"3":2,"4":2,"5":1,"6":1,"7":1,"8":0,"9":0,"10":0,"11":0,"12":1,"13":0,"14":0,"15":0,"16":0,"17":0,"18":0,"19":0,"20":1,"21":0,"22":0,"23":0,"24":0,"25":0,"26":0,"27":0,"28":0,"29":1},"f":{"0":2,"1":0,"2":0,"3":0},"b":{"0":[0,0],"1":[0,0]},"_coverageSchema":"1a1c01bbd47fc00a2c39e90264f33305004495a9","hash":"636c7b9219e04c58f930b0d77f5388e4f4e69571"}
,"/home/ubantu/Desktop/yp/Node/module/user/models/userModel.js": {"path":"/home/ubantu/Desktop/yp/Node/module/user/models/userModel.js","statementMap":{"0":{"start":{"line":1,"column":11},"end":{"line":1,"column":45}},"1":{"start":{"line":3,"column":19},"end":{"line":14,"column":1}},"2":{"start":{"line":4,"column":2},"end":{"line":13,"column":5}},"3":{"start":{"line":5,"column":18},"end":{"line":5,"column":69}},"4":{"start":{"line":6,"column":4},"end":{"line":12,"column":7}},"5":{"start":{"line":7,"column":6},"end":{"line":11,"column":7}},"6":{"start":{"line":8,"column":8},"end":{"line":8,"column":20}},"7":{"start":{"line":10,"column":8},"end":{"line":10,"column":34}},"8":{"start":{"line":16,"column":20},"end":{"line":27,"column":1}},"9":{"start":{"line":17,"column":2},"end":{"line":26,"column":5}},"10":{"start":{"line":18,"column":18},"end":{"line":18,"column":39}},"11":{"start":{"line":19,"column":4},"end":{"line":25,"column":7}},"12":{"start":{"line":20,"column":6},"end":{"line":24,"column":7}},"13":{"start":{"line":21,"column":8},"end":{"line":21,"column":20}},"14":{"start":{"line":23,"column":8},"end":{"line":23,"column":25}},"15":{"start":{"line":29,"column":19},"end":{"line":41,"column":1}},"16":{"start":{"line":30,"column":2},"end":{"line":40,"column":4}},"17":{"start":{"line":31,"column":18},"end":{"line":31,"column":58}},"18":{"start":{"line":32,"column":4},"end":{"line":39,"column":6}},"19":{"start":{"line":33,"column":6},"end":{"line":38,"column":7}},"20":{"start":{"line":34,"column":8},"end":{"line":34,"column":19}},"21":{"start":{"line":37,"column":8},"end":{"line":37,"column":26}},"22":{"start":{"line":43,"column":19},"end":{"line":55,"column":1}},"23":{"start":{"line":44,"column":2},"end":{"line":54,"column":4}},"24":{"start":{"line":45,"column":18},"end":{"line":45,"column":73}},"25":{"start":{"line":46,"column":4},"end":{"line":53,"column":6}},"26":{"start":{"line":47,"column":6},"end":{"line":52,"column":7}},"27":{"start":{"line":48,"column":8},"end":{"line":48,"column":19}},"28":{"start":{"line":51,"column":8},"end":{"line":51,"column":26}},"29":{"start":{"line":57,"column":0},"end":{"line":63,"column":2}}},"fnMap":{"0":{"name":"(anonymous_0)","decl":{"start":{"line":3,"column":19},"end":{"line":3,"column":20}},"loc":{"start":{"line":3,"column":29},"end":{"line":14,"column":1}},"line":3},"1":{"name":"(anonymous_1)","decl":{"start":{"line":4,"column":21},"end":{"line":4,"column":22}},"loc":{"start":{"line":4,"column":42},"end":{"line":13,"column":3}},"line":4},"2":{"name":"(anonymous_2)","decl":{"start":{"line":6,"column":49},"end":{"line":6,"column":50}},"loc":{"start":{"line":6,"column":67},"end":{"line":12,"column":5}},"line":6},"3":{"name":"(anonymous_3)","decl":{"start":{"line":16,"column":20},"end":{"line":16,"column":21}},"loc":{"start":{"line":16,"column":26},"end":{"line":27,"column":1}},"line":16},"4":{"name":"(anonymous_4)","decl":{"start":{"line":17,"column":21},"end":{"line":17,"column":22}},"loc":{"start":{"line":17,"column":42},"end":{"line":26,"column":3}},"line":17},"5":{"name":"(anonymous_5)","decl":{"start":{"line":19,"column":20},"end":{"line":19,"column":21}},"loc":{"start":{"line":19,"column":38},"end":{"line":25,"column":5}},"line":19},"6":{"name":"(anonymous_6)","decl":{"start":{"line":29,"column":19},"end":{"line":29,"column":20}},"loc":{"start":{"line":29,"column":37},"end":{"line":41,"column":1}},"line":29},"7":{"name":"(anonymous_7)","decl":{"start":{"line":30,"column":21},"end":{"line":30,"column":22}},"loc":{"start":{"line":30,"column":42},"end":{"line":40,"column":3}},"line":30},"8":{"name":"(anonymous_8)","decl":{"start":{"line":32,"column":19},"end":{"line":32,"column":20}},"loc":{"start":{"line":32,"column":33},"end":{"line":39,"column":5}},"line":32},"9":{"name":"(anonymous_9)","decl":{"start":{"line":43,"column":19},"end":{"line":43,"column":20}},"loc":{"start":{"line":43,"column":50},"end":{"line":55,"column":1}},"line":43},"10":{"name":"(anonymous_10)","decl":{"start":{"line":44,"column":21},"end":{"line":44,"column":22}},"loc":{"start":{"line":44,"column":39},"end":{"line":54,"column":3}},"line":44},"11":{"name":"(anonymous_11)","decl":{"start":{"line":46,"column":67},"end":{"line":46,"column":68}},"loc":{"start":{"line":46,"column":81},"end":{"line":53,"column":5}},"line":46}},"branchMap":{"0":{"loc":{"start":{"line":7,"column":6},"end":{"line":11,"column":7}},"type":"if","locations":[{"start":{"line":7,"column":6},"end":{"line":11,"column":7}},{"start":{"line":9,"column":13},"end":{"line":11,"column":7}}],"line":7},"1":{"loc":{"start":{"line":20,"column":6},"end":{"line":24,"column":7}},"type":"if","locations":[{"start":{"line":20,"column":6},"end":{"line":24,"column":7}},{"start":{"line":22,"column":13},"end":{"line":24,"column":7}}],"line":20},"2":{"loc":{"start":{"line":33,"column":6},"end":{"line":38,"column":7}},"type":"if","locations":[{"start":{"line":33,"column":6},"end":{"line":38,"column":7}},{"start":{"line":36,"column":10},"end":{"line":38,"column":7}}],"line":33},"3":{"loc":{"start":{"line":47,"column":6},"end":{"line":52,"column":7}},"type":"if","locations":[{"start":{"line":47,"column":6},"end":{"line":52,"column":7}},{"start":{"line":50,"column":10},"end":{"line":52,"column":7}}],"line":47}},"s":{"0":1,"1":1,"2":2,"3":2,"4":2,"5":2,"6":1,"7":1,"8":1,"9":2,"10":2,"11":2,"12":2,"13":1,"14":1,"15":1,"16":1,"17":1,"18":1,"19":1,"20":0,"21":1,"22":1,"23":2,"24":2,"25":2,"26":2,"27":1,"28":1,"29":1},"f":{"0":2,"1":2,"2":2,"3":2,"4":2,"5":2,"6":1,"7":1,"8":1,"9":2,"10":2,"11":2},"b":{"0":[1,1],"1":[1,1],"2":[0,1],"3":[1,1]},"_coverageSchema":"1a1c01bbd47fc00a2c39e90264f33305004495a9","hash":"3029b06a692422143c7f0b71b37576db71ff59e7"}
}
